<?xml version="1.0" encoding="UTF-8"?>
<!-- Generated by org.testng.reporters.JUnitXMLReporter -->
<testsuite hostname="DESKTOP-ONGOORI" ignored="8" tests="1" failures="0" timestamp="20 Nov 2018 15:54:44 GMT" time="3.781" errors="0">
  <testcase name="validateGetAlbumStatusCode" time="2.913" classname="TestClass1"/>
  <testcase name="demo" time="0.0" classname="TestClass1">
    <ignored/>
  </testcase> <!-- demo -->
  <testcase name="validateFirstTitle" time="0.0" classname="TestClass1">
    <ignored/>
  </testcase> <!-- validateFirstTitle -->
  <testcase name="validateAlbumSize1" time="0.0" classname="TestClass1">
    <ignored/>
  </testcase> <!-- validateAlbumSize1 -->
  <testcase name="validateGetAlbumStatusCode1" time="0.0" classname="TestClass1">
    <ignored/>
  </testcase> <!-- validateGetAlbumStatusCode1 -->
  <testcase name="getData" time="0.0" classname="TestClass1">
    <ignored/>
  </testcase> <!-- getData -->
  <testcase name="validateUsersCompany" time="0.0" classname="TestClass1">
    <ignored/>
  </testcase> <!-- validateUsersCompany -->
  <testcase name="validateAlbumSize" time="0.0" classname="TestClass1">
    <ignored/>
  </testcase> <!-- validateAlbumSize -->
  <testcase name="testPhotosContainSpecificContent" time="0.0" classname="TestClass1">
    <ignored/>
  </testcase> <!-- testPhotosContainSpecificContent -->
</testsuite>
