<?xml version="1.0" encoding="UTF-8"?>
<testng-results skipped="0" failed="0" ignored="8" total="9" passed="1">
  <reporter-output>
  </reporter-output>
  <suite name="Default suite" duration-ms="3781" started-at="2018-11-20T15:54:41Z" finished-at="2018-11-20T15:54:44Z">
    <groups>
    </groups>
    <test name="Default test" duration-ms="3781" started-at="2018-11-20T15:54:41Z" finished-at="2018-11-20T15:54:44Z">
      <class name="TestClass1">
        <test-method status="PASS" signature="setUp()[pri:0, instance:TestClass1@4667ae56]" name="setUp" is-config="true" duration-ms="837" started-at="2018-11-20T15:54:41Z" finished-at="2018-11-20T15:54:41Z">
          <reporter-output>
          </reporter-output>
        </test-method> <!-- setUp -->
        <test-method status="PASS" signature="validateGetAlbumStatusCode()[pri:0, instance:TestClass1@4667ae56]" name="validateGetAlbumStatusCode" duration-ms="2913" started-at="2018-11-20T15:54:41Z" finished-at="2018-11-20T15:54:44Z">
          <reporter-output>
          </reporter-output>
        </test-method> <!-- validateGetAlbumStatusCode -->
      </class> <!-- TestClass1 -->
    </test> <!-- Default test -->
  </suite> <!-- Default suite -->
</testng-results>
